

*******************************************************************************
Fri May  8 11:55:08 2015


FIT:    data read from 'Jc.dat' u 2:3
        format = x:z
        #datapoints = 6
        residuals are weighted equally (unit weight)

function used for fitting: f(x)
fitted parameters initialized with current variable values



 Iteration 0
 WSSR        : 2.08387           delta(WSSR)/WSSR   : 0
 delta(WSSR) : 0                 limit for stopping : 1e-05
 lambda	  : 0.707424

initial set of free parameter values

a               = 1
b               = 1

After 5 iterations the fit converged.
final sum of squares of residuals : 1.85371e-07
rel. change during last iteration : -6.63265e-07

degrees of freedom    (FIT_NDF)                        : 4
rms of residuals      (FIT_STDFIT) = sqrt(WSSR/ndf)    : 0.000215274
variance of residuals (reduced chisquare) = WSSR/ndf   : 4.63427e-08

Final set of parameters            Asymptotic Standard Error
=======================            ==========================

a               = -0.175275        +/- 0.005464     (3.117%)
b               = 0.440681         +/- 0.0001637    (0.03715%)


correlation matrix of the fit parameters:

               a      b      
a               1.000 
b              -0.844  1.000 
