

*******************************************************************************
Fri Apr 17 12:46:51 2015


FIT:    data read from "P0460_cut.dat" u 2:3
        format = x:z
        #datapoints = 401
        residuals are weighted equally (unit weight)

function used for fitting: f(x)
fitted parameters initialized with current variable values



 Iteration 0
 WSSR        : 410.473           delta(WSSR)/WSSR   : 0
 delta(WSSR) : 0                 limit for stopping : 1e-05
 lambda	  : 0.717277

initial set of free parameter values

a               = 1
b               = 1

After 11 iterations the fit converged.
final sum of squares of residuals : 0.000290224
rel. change during last iteration : -2.42278e-06

degrees of freedom    (FIT_NDF)                        : 399
rms of residuals      (FIT_STDFIT) = sqrt(WSSR/ndf)    : 0.000852865
variance of residuals (reduced chisquare) = WSSR/ndf   : 7.27379e-07

Final set of parameters            Asymptotic Standard Error
=======================            ==========================

a               = 0.0182195        +/- 0.0001709    (0.9381%)
b               = -1126.62         +/- 24.42        (2.168%)


correlation matrix of the fit parameters:

               a      b      
a               1.000 
b              -0.577  1.000 


*******************************************************************************
Fri Apr 17 12:48:17 2015


FIT:    data read from "P0460_cut.dat" u 2:3
        format = x:z
        #datapoints = 401
        residuals are weighted equally (unit weight)

function used for fitting: f(x)
fitted parameters initialized with current variable values



 Iteration 0
 WSSR        : 0.000290224       delta(WSSR)/WSSR   : 0
 delta(WSSR) : 0                 limit for stopping : 1e-05
 lambda	  : 0.176214

initial set of free parameter values

a               = 0.0182195
b               = -1126.62
c               = 1

After 1 iterations the fit converged.
final sum of squares of residuals : 0.000290224
rel. change during last iteration : -3.56016e-13

degrees of freedom    (FIT_NDF)                        : 398
rms of residuals      (FIT_STDFIT) = sqrt(WSSR/ndf)    : 0.000853936
variance of residuals (reduced chisquare) = WSSR/ndf   : 7.29206e-07

Final set of parameters            Asymptotic Standard Error
=======================            ==========================

a               = 0.0182195        +/- 0.0001913    (1.05%)
b               = -1126.62         +/- 48.87        (4.338%)
c               = 1                +/- 3.177e+04    (3.177e+06%)


correlation matrix of the fit parameters:

               a      b      c      
a               1.000 
b              -0.645  1.000 
c               0.447 -0.866  1.000 
