

*******************************************************************************
Fri Apr 17 17:02:46 2015


FIT:    data read from "P0440_cut.dat" u 2:3
        format = x:z
        #datapoints = 101
        residuals are weighted equally (unit weight)

function used for fitting: f(x)
fitted parameters initialized with current variable values



 Iteration 0
 WSSR        : 1.37255e-06       delta(WSSR)/WSSR   : 0
 delta(WSSR) : 0                 limit for stopping : 1e-05
 lambda	  : 0.577844

initial set of free parameter values

a               = 0.00160491
b               = 0.998857
c               = 1

After 1 iterations the fit converged.
final sum of squares of residuals : 1.37255e-06
rel. change during last iteration : -1.15874e-09

degrees of freedom    (FIT_NDF)                        : 98
rms of residuals      (FIT_STDFIT) = sqrt(WSSR/ndf)    : 0.000118345
variance of residuals (reduced chisquare) = WSSR/ndf   : 1.40056e-08

Final set of parameters            Asymptotic Standard Error
=======================            ==========================

a               = 0.00160491       +/- 2.182e-05    (1.36%)
b               = 0.998857         +/- 32.06        (3210%)
c               = 1                +/- 1.367e+04    (1.367e+06%)


correlation matrix of the fit parameters:

               a      b      c      
a               1.000 
b              -0.743  1.000 
c               0.593 -0.955  1.000 


*******************************************************************************
Fri Apr 17 17:03:09 2015


FIT:    data read from "P0440_cut.dat" u 2:3
        format = x:z
        #datapoints = 101
        residuals are weighted equally (unit weight)

function used for fitting: f(x)
fitted parameters initialized with current variable values



 Iteration 0
 WSSR        : 1.37255e-06       delta(WSSR)/WSSR   : 0
 delta(WSSR) : 0                 limit for stopping : 1e-05
 lambda	  : 0.500428

initial set of free parameter values

a               = 0.00160491
b               = 0.998857
c               = 1
d               = 1

After 1 iterations the fit converged.
final sum of squares of residuals : 1.37255e-06
rel. change during last iteration : -1.03242e-09

degrees of freedom    (FIT_NDF)                        : 97
rms of residuals      (FIT_STDFIT) = sqrt(WSSR/ndf)    : 0.000118954
variance of residuals (reduced chisquare) = WSSR/ndf   : 1.415e-08

Final set of parameters            Asymptotic Standard Error
=======================            ==========================

a               = 0.00160491       +/- 2.548e-05    (1.587%)
b               = 0.998857         +/- 70.63        (7071%)
c               = 1                +/- 7.142e+04    (7.142e+06%)
d               = 1                +/- 1.917e+07    (1.917e+09%)


correlation matrix of the fit parameters:

               a      b      c      d      
a               1.000 
b              -0.745  1.000 
c               0.598 -0.957  1.000 
d              -0.509  0.890 -0.981  1.000 


*******************************************************************************
Fri Apr 17 17:05:33 2015


FIT:    data read from "P0440_cut.dat" u 2:3
        format = x:z
        #datapoints = 70
        residuals are weighted equally (unit weight)

function used for fitting: f(x)
fitted parameters initialized with current variable values



 Iteration 0
 WSSR        : 6.05575e-07       delta(WSSR)/WSSR   : 0
 delta(WSSR) : 0                 limit for stopping : 1e-05
 lambda	  : 0.577592

initial set of free parameter values

a               = 0.00160491
b               = 0.998857
c               = 1

After 3 iterations the fit converged.
final sum of squares of residuals : 3.78664e-07
rel. change during last iteration : -1.58305e-06

degrees of freedom    (FIT_NDF)                        : 67
rms of residuals      (FIT_STDFIT) = sqrt(WSSR/ndf)    : 7.51778e-05
variance of residuals (reduced chisquare) = WSSR/ndf   : 5.65169e-09

Final set of parameters            Asymptotic Standard Error
=======================            ==========================

a               = 0.00166182       +/- 1.63e-05     (0.9806%)
b               = 0.998761         +/- 44.19        (4424%)
c               = 1                +/- 3.632e+04    (3.632e+06%)


correlation matrix of the fit parameters:

               a      b      c      
a               1.000 
b              -0.743  1.000 
c               0.585 -0.949  1.000 


*******************************************************************************
Fri Apr 17 17:25:59 2015


FIT:    data read from "P0440_cut.dat" u 2:3
        format = x:z
        #datapoints = 501
        residuals are weighted equally (unit weight)

function used for fitting: f(x)
fitted parameters initialized with current variable values



 Iteration 0
 WSSR        : 535.918           delta(WSSR)/WSSR   : 0
 delta(WSSR) : 0                 limit for stopping : 1e-05
 lambda	  : 0.59831

initial set of free parameter values

a               = 1
b               = 1
c               = 1

After 10 iterations the fit converged.
final sum of squares of residuals : 4.03493e-05
rel. change during last iteration : -3.10504e-06

degrees of freedom    (FIT_NDF)                        : 498
rms of residuals      (FIT_STDFIT) = sqrt(WSSR/ndf)    : 0.000284645
variance of residuals (reduced chisquare) = WSSR/ndf   : 8.10226e-08

Final set of parameters            Asymptotic Standard Error
=======================            ==========================

a               = 0.00225644       +/- 3.477e-05    (1.541%)
b               = -90.8165         +/- 6.434        (7.085%)
c               = -124.762         +/- 392.1        (314.3%)


correlation matrix of the fit parameters:

               a      b      c      
a               1.000 
b              -0.654  1.000 
c               0.461 -0.881  1.000 


*******************************************************************************
Fri Apr 17 17:26:19 2015


FIT:    data read from "P0440_cut.dat" u 2:3
        format = x:z
        #datapoints = 501
        residuals are weighted equally (unit weight)

function used for fitting: f(x)
fitted parameters initialized with current variable values



 Iteration 0
 WSSR        : 4.03979e-05       delta(WSSR)/WSSR   : 0
 delta(WSSR) : 0                 limit for stopping : 1e-05
 lambda	  : 0.361992

initial set of free parameter values

a               = 0.00225644
b               = -90.8165

After 2 iterations the fit converged.
final sum of squares of residuals : 4.03933e-05
rel. change during last iteration : -1.18342e-08

degrees of freedom    (FIT_NDF)                        : 499
rms of residuals      (FIT_STDFIT) = sqrt(WSSR/ndf)    : 0.000284515
variance of residuals (reduced chisquare) = WSSR/ndf   : 8.09486e-08

Final set of parameters            Asymptotic Standard Error
=======================            ==========================

a               = 0.00225055       +/- 3.069e-05    (1.363%)
b               = -90.8165         +/- 2.966        (3.266%)


correlation matrix of the fit parameters:

               a      b      
a               1.000 
b              -0.588  1.000 
