

*******************************************************************************
Sun Apr 19 07:09:48 2015


FIT:    data read from "P050.dat" u 2:3
        format = x:z
        #datapoints = 2001
        residuals are weighted equally (unit weight)

function used for fitting: f(x)
fitted parameters initialized with current variable values



 Iteration 0
 WSSR        : 215164            delta(WSSR)/WSSR   : 0
 delta(WSSR) : 0                 limit for stopping : 1e-05
 lambda	  : 24.2719

initial set of free parameter values

a               = 1
b               = 1
BREAK:          w = 0 in Givens();  Cjj = -2.04756e-307,  Cij = 5.919e-307



*******************************************************************************
Sun Apr 19 07:11:34 2015


FIT:    data read from "P050_cut.dat" u 2:3
        format = x:z
        #datapoints = 201
        residuals are weighted equally (unit weight)

function used for fitting: f(x)
fitted parameters initialized with current variable values



 Iteration 0
 WSSR        : 0.0202099         delta(WSSR)/WSSR   : 0
 delta(WSSR) : 0                 limit for stopping : 1e-05
 lambda	  : 0.39487

initial set of free parameter values

a               = 0.00922525
b               = -399.937

After 2 iterations the fit converged.
final sum of squares of residuals : 0.0177592
rel. change during last iteration : -5.77337e-06

degrees of freedom    (FIT_NDF)                        : 199
rms of residuals      (FIT_STDFIT) = sqrt(WSSR/ndf)    : 0.0094468
variance of residuals (reduced chisquare) = WSSR/ndf   : 8.9242e-05

Final set of parameters            Asymptotic Standard Error
=======================            ==========================

a               = 0.0154781        +/- 0.001465     (9.466%)
b               = -399.942         +/- 88.2         (22.05%)


correlation matrix of the fit parameters:

               a      b      
a               1.000 
b              -0.580  1.000 


*******************************************************************************
Sun Apr 19 07:12:05 2015


FIT:    data read from "P050_cut.dat" u 2:3
        format = x:z
        #datapoints = 201
        residuals are weighted equally (unit weight)

function used for fitting: f(x)
fitted parameters initialized with current variable values



 Iteration 0
 WSSR        : 0.0177592         delta(WSSR)/WSSR   : 0
 delta(WSSR) : 0                 limit for stopping : 1e-05
 lambda	  : 0.32241

initial set of free parameter values

a               = 0.0154781
b               = -399.942
c               = 1

After 1 iterations the fit converged.
final sum of squares of residuals : 0.0177592
rel. change during last iteration : -7.39305e-08

degrees of freedom    (FIT_NDF)                        : 198
rms of residuals      (FIT_STDFIT) = sqrt(WSSR/ndf)    : 0.00947063
variance of residuals (reduced chisquare) = WSSR/ndf   : 8.96928e-05

Final set of parameters            Asymptotic Standard Error
=======================            ==========================

a               = 0.0154781        +/- 0.001655     (10.7%)
b               = -399.942         +/- 184.7        (46.17%)
c               = 1                +/- 4.479e+04    (4.479e+06%)


correlation matrix of the fit parameters:

               a      b      c      
a               1.000 
b              -0.651  1.000 
c               0.461 -0.878  1.000 


*******************************************************************************
Sun Apr 19 07:12:27 2015


FIT:    data read from "P050_cut.dat" u 2:3
        format = x:z
        #datapoints = 201
        residuals are weighted equally (unit weight)

function used for fitting: f(x)
fitted parameters initialized with current variable values



 Iteration 0
 WSSR        : 0.0177591         delta(WSSR)/WSSR   : 0
 delta(WSSR) : 0                 limit for stopping : 1e-05
 lambda	  : 0.394869

initial set of free parameter values

a               = 0.0154781
b               = -399.942

After 1 iterations the fit converged.
final sum of squares of residuals : 0.0177591
rel. change during last iteration : -4.92905e-08

degrees of freedom    (FIT_NDF)                        : 199
rms of residuals      (FIT_STDFIT) = sqrt(WSSR/ndf)    : 0.0094468
variance of residuals (reduced chisquare) = WSSR/ndf   : 8.9242e-05

Final set of parameters            Asymptotic Standard Error
=======================            ==========================

a               = 0.0154782        +/- 0.001465     (9.466%)
b               = -399.943         +/- 88.2         (22.05%)


correlation matrix of the fit parameters:

               a      b      
a               1.000 
b              -0.580  1.000 


*******************************************************************************
Sun Apr 19 19:23:37 2015


FIT:    data read from "P060.dat" u 2:3
        format = x:z
        #datapoints = 60
        residuals are weighted equally (unit weight)

function used for fitting: f(x)
fitted parameters initialized with current variable values



 Iteration 0
 WSSR        : 58.1281           delta(WSSR)/WSSR   : 0
 delta(WSSR) : 0                 limit for stopping : 1e-05
 lambda	  : 0.70733

initial set of free parameter values

a               = 1
b               = 1

After 12 iterations the fit converged.
final sum of squares of residuals : 0.000153179
rel. change during last iteration : -1.25996e-08

degrees of freedom    (FIT_NDF)                        : 58
rms of residuals      (FIT_STDFIT) = sqrt(WSSR/ndf)    : 0.00162512
variance of residuals (reduced chisquare) = WSSR/ndf   : 2.64101e-06

Final set of parameters            Asymptotic Standard Error
=======================            ==========================

a               = 0.12779          +/- 0.0008476    (0.6632%)
b               = -51624           +/- 791.2        (1.533%)


correlation matrix of the fit parameters:

               a      b      
a               1.000 
b              -0.577  1.000 
