

*******************************************************************************
Thu Jun 18 00:28:00 2015


FIT:    data read from "correlation_max.dat" u 1:2
        format = x:z
        #datapoints = 3
        residuals are weighted equally (unit weight)

function used for fitting: f(x)
fitted parameters initialized with current variable values



 Iteration 0
 WSSR        : 8494.06           delta(WSSR)/WSSR   : 0
 delta(WSSR) : 0                 limit for stopping : 1e-05
 lambda	  : 48.482

initial set of free parameter values

a               = 1
b               = 1

After 6 iterations the fit converged.
final sum of squares of residuals : 0.00492225
rel. change during last iteration : -1.78908e-12

degrees of freedom    (FIT_NDF)                        : 1
rms of residuals      (FIT_STDFIT) = sqrt(WSSR/ndf)    : 0.0701588
variance of residuals (reduced chisquare) = WSSR/ndf   : 0.00492225

Final set of parameters            Asymptotic Standard Error
=======================            ==========================

a               = 0.243716         +/- 0.001543     (0.6332%)
b               = -0.471371        +/- 0.1058       (22.45%)


correlation matrix of the fit parameters:

               a      b      
a               1.000 
b              -0.924  1.000 
