

*******************************************************************************
Sun Apr 19 20:53:09 2015


FIT:    data read from "P030.dat" u 2:3
        format = x:z
        #datapoints = 2000
        residuals are weighted equally (unit weight)

function used for fitting: f(x)
fitted parameters initialized with current variable values



 Iteration 0
 WSSR        : 4726.91           delta(WSSR)/WSSR   : 0
 delta(WSSR) : 0                 limit for stopping : 1e-05
 lambda	  : 1.27873

initial set of free parameter values

a               = 1
b               = 1
BREAK:          w = 0 in Givens();  Cjj = 2.01652e-203,  Cij = 5.12855e-203



*******************************************************************************
Sun Apr 19 20:54:11 2015


FIT:    data read from "P030_cut.dat" u 2:3
        format = x:z
        #datapoints = 402
        residuals are weighted equally (unit weight)

function used for fitting: f(x)
fitted parameters initialized with current variable values



 Iteration 0
 WSSR        : 0.000206692       delta(WSSR)/WSSR   : 0
 delta(WSSR) : 0                 limit for stopping : 1e-05
 lambda	  : 0.268485

initial set of free parameter values

a               = 0.0128538
b               = -467.658

After 8 iterations the fit converged.
final sum of squares of residuals : 3.29628e-07
rel. change during last iteration : -3.56666e-09

degrees of freedom    (FIT_NDF)                        : 400
rms of residuals      (FIT_STDFIT) = sqrt(WSSR/ndf)    : 2.87066e-05
variance of residuals (reduced chisquare) = WSSR/ndf   : 8.2407e-10

Final set of parameters            Asymptotic Standard Error
=======================            ==========================

a               = 0.0148123        +/- 5.089e-06    (0.03435%)
b               = -688.986         +/- 0.547        (0.07939%)


correlation matrix of the fit parameters:

               a      b      
a               1.000 
b              -0.577  1.000 
